mode: set
github.com/danielh2942/goturn/pkg/stun/nonce.go:18.28,29.2 5 1
github.com/danielh2942/goturn/pkg/stun/nonce.go:32.32,34.2 1 1
github.com/danielh2942/goturn/pkg/stun/nonce.go:37.48,39.2 1 1
github.com/danielh2942/goturn/pkg/stun/nonce.go:42.61,43.20 1 1
github.com/danielh2942/goturn/pkg/stun/nonce.go:46.2,46.22 1 1
github.com/danielh2942/goturn/pkg/stun/nonce.go:49.2,51.51 2 1
github.com/danielh2942/goturn/pkg/stun/nonce.go:54.2,55.28 2 1
github.com/danielh2942/goturn/pkg/stun/nonce.go:43.20,45.3 1 1
github.com/danielh2942/goturn/pkg/stun/nonce.go:46.22,48.3 1 1
github.com/danielh2942/goturn/pkg/stun/nonce.go:51.51,53.3 1 1
github.com/danielh2942/goturn/pkg/stun/nonce.go:59.41,72.25 2 1
github.com/danielh2942/goturn/pkg/stun/nonce.go:76.2,76.15 1 1
github.com/danielh2942/goturn/pkg/stun/nonce.go:72.25,74.3 1 1
github.com/danielh2942/goturn/pkg/stun/stun.go:17.44,18.11 1 0
github.com/danielh2942/goturn/pkg/stun/stun.go:36.2,36.18 1 0
github.com/danielh2942/goturn/pkg/stun/stun.go:19.22,20.26 1 0
github.com/danielh2942/goturn/pkg/stun/stun.go:21.16,22.20 1 0
github.com/danielh2942/goturn/pkg/stun/stun.go:23.25,24.29 1 0
github.com/danielh2942/goturn/pkg/stun/stun.go:25.18,26.22 1 0
github.com/danielh2942/goturn/pkg/stun/stun.go:27.26,28.30 1 0
github.com/danielh2942/goturn/pkg/stun/stun.go:29.13,30.17 1 0
github.com/danielh2942/goturn/pkg/stun/stun.go:31.13,32.17 1 0
github.com/danielh2942/goturn/pkg/stun/stun.go:33.26,34.30 1 0
github.com/danielh2942/goturn/pkg/stun/stun.go:39.54,40.13 1 0
github.com/danielh2942/goturn/pkg/stun/stun.go:41.14,42.24 1 0
github.com/danielh2942/goturn/pkg/stun/stun.go:43.14,44.18 1 0
github.com/danielh2942/goturn/pkg/stun/stun.go:45.14,46.27 1 0
github.com/danielh2942/goturn/pkg/stun/stun.go:47.14,48.20 1 0
github.com/danielh2942/goturn/pkg/stun/stun.go:49.14,50.28 1 0
github.com/danielh2942/goturn/pkg/stun/stun.go:51.14,52.15 1 0
github.com/danielh2942/goturn/pkg/stun/stun.go:53.14,54.15 1 0
github.com/danielh2942/goturn/pkg/stun/stun.go:55.14,56.28 1 0
github.com/danielh2942/goturn/pkg/stun/stun.go:57.10,58.17 1 0
